{
  "RSpec": {
    "coverage": {
      "/Users/ericbelongea/Documents/turing_work/1mod/connect_four/lib/board.rb": {
        "lines": [
          1,
          1,
          1,
          null,
          1,
          301,
          43,
          43,
          43,
          null,
          null,
          1,
          7,
          null,
          null,
          1,
          0,
          0,
          0,
          0,
          null,
          0,
          null,
          null,
          null,
          null,
          1,
          137,
          400,
          137,
          0,
          null,
          137,
          137,
          137,
          null,
          null,
          null,
          null,
          1,
          4,
          4,
          24,
          168,
          null,
          24,
          null,
          null,
          null,
          1,
          6,
          null,
          null,
          1,
          90,
          null,
          null,
          1,
          12,
          null,
          null,
          1,
          null,
          12,
          72,
          72,
          null,
          72,
          501,
          379,
          379,
          null,
          122,
          122,
          null,
          null,
          null,
          null,
          null,
          null,
          null,
          1,
          null,
          10,
          49,
          49,
          null,
          49,
          294,
          214,
          214,
          null,
          80,
          80,
          null,
          null,
          null,
          null,
          null,
          null,
          null,
          1,
          null,
          null,
          null,
          7,
          21,
          81,
          null,
          null,
          null,
          1,
          null,
          null,
          null,
          null,
          null,
          6,
          18,
          69,
          null,
          null,
          null,
          1,
          null,
          null,
          null,
          null,
          null,
          null,
          null,
          null
        ]
      },
      "/Users/ericbelongea/Documents/turing_work/1mod/connect_four/spec/computer_spec.rb": {
        "lines": [
          1,
          1,
          1,
          1,
          null,
          null,
          1,
          1,
          4,
          4,
          null,
          1,
          1,
          null,
          null,
          1,
          1,
          1,
          null,
          null,
          1,
          1,
          null,
          null,
          1,
          1,
          1,
          1,
          null,
          1,
          1,
          1,
          null,
          1,
          1,
          1,
          null,
          null,
          null,
          null,
          null,
          null,
          null,
          null
        ]
      },
      "/Users/ericbelongea/Documents/turing_work/1mod/connect_four/lib/computer.rb": {
        "lines": [
          1,
          null,
          1,
          1,
          1,
          null,
          1,
          13,
          13,
          null,
          null,
          1,
          null,
          0,
          0,
          0,
          0,
          null,
          null,
          0,
          0,
          0,
          0,
          null,
          0,
          null,
          null
        ]
      },
      "/Users/ericbelongea/Documents/turing_work/1mod/connect_four/lib/indexable.rb": {
        "lines": [
          1,
          1,
          0,
          0,
          0,
          0,
          0,
          0,
          0,
          0,
          0,
          0,
          0,
          0,
          0,
          0,
          null,
          null,
          null
        ]
      },
      "/Users/ericbelongea/Documents/turing_work/1mod/connect_four/spec/game_spec.rb": {
        "lines": [
          1,
          1,
          1,
          null,
          1,
          1,
          9,
          9,
          9,
          null,
          null,
          1,
          1,
          null,
          null,
          1,
          1,
          1,
          null,
          null,
          1,
          1,
          1,
          null,
          null,
          1,
          1,
          1,
          null,
          null,
          null,
          1,
          1,
          null,
          null,
          1,
          5,
          1,
          null,
          null,
          1,
          1,
          null,
          null,
          1,
          7,
          7,
          7,
          7,
          7,
          7,
          7,
          null,
          1,
          null,
          null,
          null,
          1,
          1,
          1,
          null,
          null,
          null,
          null
        ]
      },
      "/Users/ericbelongea/Documents/turing_work/1mod/connect_four/lib/game.rb": {
        "lines": [
          1,
          1,
          1,
          null,
          1,
          1,
          1,
          null,
          1,
          9,
          9,
          9,
          9,
          9,
          null,
          1,
          1,
          1,
          1,
          0,
          0,
          0,
          0,
          0,
          0,
          0,
          null,
          0,
          0,
          null,
          0,
          0,
          null,
          0,
          0,
          0,
          0,
          0,
          0,
          0,
          0,
          0,
          null,
          0,
          0,
          0,
          0,
          0,
          0,
          null,
          0,
          0,
          0,
          0,
          0,
          null,
          null,
          null,
          0,
          0,
          0,
          0,
          0,
          0,
          0,
          null,
          0,
          0,
          0,
          0,
          0,
          null,
          0,
          null,
          0,
          0,
          null,
          0,
          0,
          0,
          0,
          0,
          0,
          null,
          null
        ]
      },
      "/Users/ericbelongea/Documents/turing_work/1mod/connect_four/lib/player.rb": {
        "lines": [
          1,
          1,
          null,
          1,
          1,
          1,
          null,
          1,
          23,
          23,
          23,
          null,
          null,
          1,
          0,
          0,
          0,
          0,
          0,
          null,
          0,
          0,
          0,
          0,
          0,
          0,
          0,
          null,
          null,
          0,
          null,
          0,
          null,
          null,
          1,
          2,
          null,
          null
        ]
      },
      "/Users/ericbelongea/Documents/turing_work/1mod/connect_four/spec/player_spec.rb": {
        "lines": [
          1,
          1,
          1,
          1,
          null,
          1,
          1,
          5,
          5,
          null,
          1,
          1,
          null,
          null,
          1,
          1,
          null,
          null,
          1,
          null,
          1,
          null,
          null,
          1,
          1,
          1,
          null,
          null,
          1,
          1,
          1,
          null,
          null
        ]
      }
    },
    "timestamp": 1694626629
  }
}
